<?xml version="1.0" encoding="UTF-8" ?>
<testsuite tests="3" failures="0" name="com.netcracker.eductr.tasks.tests.T5_LinkedTaskListIteratorTest" time="0.001" errors="1" skipped="0">
  <properties>
[...]
</properties>
  <testcase classname="com.netcracker.eductr.tasks.tests.T5_LinkedTaskListIteratorTest" name="part1_testIteration" time="0.001">
    <error message="class java.lang.Long cannot be cast to class java.lang.Integer (java.lang.Long and java.lang.Integer are in module java.base of loader &apos;bootstrap&apos;)" type="java.lang.ClassCastException">java.lang.ClassCastException: class java.lang.Long cannot be cast to class java.lang.Integer (java.lang.Long and java.lang.Integer are in module java.base of loader &apos;bootstrap&apos;)
	at com.netcracker.eductr.tasks.tests.model.Task.getRepeatInterval(Task.java:82)
	at com.netcracker.eductr.tasks.tests.utils.TaskListUtils.lambda$describeTasks$1(TaskListUtils.java:22)
	at java.base/java.util.stream.ReferencePipeline$3$1.accept(ReferencePipeline.java:195)
	at java.base/java.util.Collections$2.tryAdvance(Collections.java:4747)
	at java.base/java.util.Collections$2.forEachRemaining(Collections.java:4755)
	at java.base/java.util.stream.AbstractPipeline.copyInto(AbstractPipeline.java:484)
	at java.base/java.util.stream.AbstractPipeline.wrapAndCopyInto(AbstractPipeline.java:474)
	at java.base/java.util.stream.ReduceOps$ReduceOp.evaluateSequential(ReduceOps.java:913)
	at java.base/java.util.stream.AbstractPipeline.evaluate(AbstractPipeline.java:234)
	at java.base/java.util.stream.ReferencePipeline.collect(ReferencePipeline.java:578)
	at com.netcracker.eductr.tasks.tests.utils.TaskListUtils.describeTasks(TaskListUtils.java:25)
	at com.netcracker.eductr.tasks.tests.utils.TaskUtil.describeTask(TaskUtil.java:11)
	at com.netcracker.eductr.tasks.tests.T5_LinkedTaskListIteratorTest.part1_testIteration(T5_LinkedTaskListIteratorTest.java:35)
	at java.base/jdk.internal.reflect.NativeMethodAccessorImpl.invoke0(Native Method)
	at java.base/jdk.internal.reflect.NativeMethodAccessorImpl.invoke(NativeMethodAccessorImpl.java:62)
	at java.base/jdk.internal.reflect.DelegatingMethodAccessorImpl.invoke(DelegatingMethodAccessorImpl.java:43)
	at java.base/java.lang.reflect.Method.invoke(Method.java:567)
	at org.junit.runners.model.FrameworkMethod$1.runReflectiveCall(FrameworkMethod.java:50)
	at org.junit.internal.runners.model.ReflectiveCallable.run(ReflectiveCallable.java:12)
	at org.junit.runners.model.FrameworkMethod.invokeExplosively(FrameworkMethod.java:47)
	at org.junit.internal.runners.statements.InvokeMethod.evaluate(InvokeMethod.java:17)
	at org.junit.internal.runners.statements.FailOnTimeout$CallableStatement.call(FailOnTimeout.java:298)
	at org.junit.internal.runners.statements.FailOnTimeout$CallableStatement.call(FailOnTimeout.java:292)
	at java.base/java.util.concurrent.FutureTask.run(FutureTask.java:264)
	at java.base/java.lang.Thread.run(Thread.java:835)
</error>
  </testcase>
  <testcase classname="com.netcracker.eductr.tasks.tests.T5_LinkedTaskListIteratorTest" name="part2_testIteratorRemove" time="0"/>
  <testcase classname="com.netcracker.eductr.tasks.tests.T5_LinkedTaskListIteratorTest" name="part3_testParallelIteration" time="0"/>
</testsuite>